-Xajruntimetarget:1.5
-1.8
-encoding
UTF-8
-source
1.8
-target
1.8
-classpath
/home/loic/.m2/repository/org/aspectj/aspectjrt/1.9.7/aspectjrt-1.9.7.jar:/home/loic/.m2/repository/org/aspectj/aspectjweaver/1.9.7/aspectjweaver-1.9.7.jar:/home/loic/.m2/repository/org/aspectj/aspectjtools/1.9.7/aspectjtools-1.9.7.jar:/home/loic/Project/UQAC/POO/tp2_hamid/8INF957_TP2/Chess/target/classes
-d
/home/loic/Project/UQAC/POO/tp2_hamid/8INF957_TP2/Chess/target/classes
-s
/home/loic/Project/UQAC/POO/tp2_hamid/8INF957_TP2/Chess/target/generated-sources/aspectj-maven-plugin
/home/loic/Project/UQAC/POO/tp2_hamid/8INF957_TP2/Chess/edu/uqac/aop/chess/Chess.java
/home/loic/Project/UQAC/POO/tp2_hamid/8INF957_TP2/Chess/edu/uqac/aop/chess/agent/Move.java
/home/loic/Project/UQAC/POO/tp2_hamid/8INF957_TP2/Chess/edu/uqac/aop/chess/agent/HumanPlayer.java
/home/loic/Project/UQAC/POO/tp2_hamid/8INF957_TP2/Chess/edu/uqac/aop/chess/agent/AiPlayer.java
/home/loic/Project/UQAC/POO/tp2_hamid/8INF957_TP2/Chess/edu/uqac/aop/chess/agent/Player.java
/home/loic/Project/UQAC/POO/tp2_hamid/8INF957_TP2/Chess/edu/uqac/aop/chess/Board.java
/home/loic/Project/UQAC/POO/tp2_hamid/8INF957_TP2/Chess/edu/uqac/aop/chess/Spot.java
/home/loic/Project/UQAC/POO/tp2_hamid/8INF957_TP2/Chess/edu/uqac/aop/chess/piece/Pawn.java
/home/loic/Project/UQAC/POO/tp2_hamid/8INF957_TP2/Chess/edu/uqac/aop/chess/piece/Piece.java
/home/loic/Project/UQAC/POO/tp2_hamid/8INF957_TP2/Chess/edu/uqac/aop/chess/piece/Knight.java
/home/loic/Project/UQAC/POO/tp2_hamid/8INF957_TP2/Chess/edu/uqac/aop/chess/piece/King.java
/home/loic/Project/UQAC/POO/tp2_hamid/8INF957_TP2/Chess/edu/uqac/aop/chess/piece/Bishop.java
/home/loic/Project/UQAC/POO/tp2_hamid/8INF957_TP2/Chess/edu/uqac/aop/chess/piece/Rook.java
/home/loic/Project/UQAC/POO/tp2_hamid/8INF957_TP2/Chess/edu/uqac/aop/chess/piece/Queen.java
/home/loic/Project/UQAC/POO/tp2_hamid/8INF957_TP2/Chess/edu/uqac/aop/chess/test.aj
